#
# There is insufficient memory for the Java Runtime Environment to continue.
# Native memory allocation (mmap) failed to map 65536 bytes. Error detail: Failed to commit metaspace.
# Possible reasons:
#   The system is out of physical RAM or swap space
#   This process is running with CompressedOops enabled, and the Java Heap may be blocking the growth of the native heap
# Possible solutions:
#   Reduce memory load on the system
#   Increase physical memory or swap space
#   Check if swap backing store is full
#   Decrease Java heap size (-Xmx/-Xms)
#   Decrease number of Java threads
#   Decrease Java thread stack sizes (-Xss)
#   Set larger code cache with -XX:ReservedCodeCacheSize=
#   JVM is running with Zero Based Compressed Oops mode in which the Java heap is
#     placed in the first 32GB address space. The Java Heap base address is the
#     maximum limit for the native heap growth. Please use -XX:HeapBaseMinAddress
#     to set the Java Heap base and to place the Java Heap above 32GB virtual address.
# This output file may be truncated or incomplete.
#
#  Out of Memory Error (virtualSpaceNode.cpp:113), pid=27524, tid=28044
#
# JRE version: OpenJDK Runtime Environment Temurin-21.0.8+9 (21.0.8+9) (build 21.0.8+9-LTS)
# Java VM: OpenJDK 64-Bit Server VM Temurin-21.0.8+9 (21.0.8+9-LTS, mixed mode, emulated-client, sharing, tiered, compressed oops, compressed class ptrs, g1 gc, windows-amd64)
# No core dump will be written. Minidumps are not enabled by default on client versions of Windows
#

---------------  S U M M A R Y ------------

Command Line: -Dcom.sun.management.jmxremote -Dcom.sun.management.jmxremote.port=59470 -Dcom.sun.management.jmxremote.authenticate=false -Dcom.sun.management.jmxremote.ssl=false -Djava.rmi.server.hostname=localhost -Dspring.jmx.enabled=true -Dmanagement.endpoints.jmx.exposure.include=* -Dspring.application.admin.enabled=true -Dspring.output.ansi.enabled=always -XX:TieredStopAtLevel=1 -Dspring.boot.project.name=JAASPrimeHealthCare -Dfile.encoding=UTF-8 -Dstdout.encoding=UTF-8 -Dstderr.encoding=UTF-8 -XX:+ShowCodeDetailsInExceptionMessages com.excelR.JAASPrimeHealthCare.JaasPrimeHealthCareApplication

Host: Snapdragon(R) X - X126100 - Qualcomm(R) Oryon(TM) CPU, 8 cores, 15G,  Windows 11 , 64 bit Build 26100 (10.0.26100.6899)
Time: Wed Oct 29 13:07:07 2025 India Standard Time elapsed time: 0.889711 seconds (0d 0h 0m 0s)

---------------  T H R E A D  ---------------

Current thread (0x000002317d898120):  JavaThread "RMI TCP Connection(1)-127.0.0.1" daemon [_thread_in_vm, id=28044, stack(0x000000869a100000,0x000000869a200000) (1024K)]

Stack: [0x000000869a100000,0x000000869a200000]
Native frames: (J=compiled Java code, j=interpreted, Vv=VM code, C=native code)
V  [jvm.dll+0x6d2449]
V  [jvm.dll+0x8ae341]
V  [jvm.dll+0x8b08be]
V  [jvm.dll+0x8b0fa3]
V  [jvm.dll+0x280c96]
V  [jvm.dll+0x8aa07e]
V  [jvm.dll+0x6745b5]
V  [jvm.dll+0x67461a]
V  [jvm.dll+0x676e02]
V  [jvm.dll+0x676cd2]
V  [jvm.dll+0x674f8e]
V  [jvm.dll+0x26a9af]
V  [jvm.dll+0x67f1f5]
V  [jvm.dll+0x21695d]
V  [jvm.dll+0x216eda]
V  [jvm.dll+0x217905]
V  [jvm.dll+0x20cece]
V  [jvm.dll+0x5b19dc]
V  [jvm.dll+0x21e5ba]
V  [jvm.dll+0x826c6c]
V  [jvm.dll+0x827c94]
V  [jvm.dll+0x828262]
V  [jvm.dll+0x827ee8]
V  [jvm.dll+0x26e30b]
V  [jvm.dll+0x3d725e]
C  0x0000023171eb889c

The last pc belongs to new (printed below).
Java frames: (J=compiled Java code, j=interpreted, Vv=VM code)
j  java.io.ObjectInputStream$BlockDataInputStream.<init>(Ljava/io/ObjectInputStream;Ljava/io/InputStream;)V+55 java.base@21.0.8
j  java.io.ObjectInputStream.<init>(Ljava/io/InputStream;)V+25 java.base@21.0.8
j  sun.rmi.server.MarshalInputStream.<init>(Ljava/io/InputStream;)V+2 java.rmi@21.0.8
j  sun.rmi.transport.ConnectionInputStream.<init>(Ljava/io/InputStream;)V+2 java.rmi@21.0.8
j  sun.rmi.transport.StreamRemoteCall.getInputStream()Ljava/io/ObjectInput;+32 java.rmi@21.0.8
j  sun.rmi.transport.Transport.serviceCall(Ljava/rmi/server/RemoteCall;)Z+1 java.rmi@21.0.8
j  sun.rmi.transport.tcp.TCPTransport.handleMessages(Lsun/rmi/transport/Connection;Z)V+145 java.rmi@21.0.8
j  sun.rmi.transport.tcp.TCPTransport$ConnectionHandler.run0()V+522 java.rmi@21.0.8
j  sun.rmi.transport.tcp.TCPTransport$ConnectionHandler.lambda$run$0()Ljava/lang/Void;+1 java.rmi@21.0.8
j  sun.rmi.transport.tcp.TCPTransport$ConnectionHandler$$Lambda+0x00000231010a77f8.run()Ljava/lang/Object;+4 java.rmi@21.0.8
J 1432 c1 java.security.AccessController.executePrivileged(Ljava/security/PrivilegedAction;Ljava/security/AccessControlContext;Ljava/lang/Class;)Ljava/lang/Object; java.base@21.0.8 (65 bytes) @ 0x000002317226109c [0x0000023172261040+0x000000000000005c]
j  java.security.AccessController.doPrivileged(Ljava/security/PrivilegedAction;Ljava/security/AccessControlContext;)Ljava/lang/Object;+13 java.base@21.0.8
j  sun.rmi.transport.tcp.TCPTransport$ConnectionHandler.run()V+37 java.rmi@21.0.8
j  java.util.concurrent.ThreadPoolExecutor.runWorker(Ljava/util/concurrent/ThreadPoolExecutor$Worker;)V+92 java.base@21.0.8
j  java.util.concurrent.ThreadPoolExecutor$Worker.run()V+5 java.base@21.0.8
j  java.lang.Thread.runWith(Ljava/lang/Object;Ljava/lang/Runnable;)V+5 java.base@21.0.8
j  java.lang.Thread.run()V+19 java.base@21.0.8
v  ~StubRoutines::call_stub 0x0000023171ea1015
new  187 new  [0x0000023171eb8720, 0x0000023171eb8920]  512 bytes
[MachCode]
  0x0000023171eb8720: 4883 ec08 | f30f 1104 | 24eb 1f48 | 83ec 10f2 | 0f11 0424 | eb14 4883 | ec10 4889 | 0424 48c7 
  0x0000023171eb8740: 4424 0800 | 0000 00eb | 0150 410f | b755 010f | cac1 ea10 | 488b 4de8 | 488b 4908 | 488b 4908 
  0x0000023171eb8760: 488b 4108 | 807c 1004 | 070f 85d3 | 0000 0066 | 8b54 d148 | 488b 4928 | 488b 4cd1 | 0851 80b9 
  0x0000023171eb8780: 3101 0000 | 040f 85b6 | 0000 008b | 5108 f6c2 | 010f 85aa | 0000 0049 | 8b87 b801 | 0000 488d 
  0x0000023171eb87a0: 1c10 493b | 9fc8 0100 | 000f 8792 | 0000 0049 | 899f b801 | 0000 4883 | ea10 0f84 | 0f00 0000 
  0x0000023171eb87c0: 33c9 c1ea | 0348 894c | d008 48ff | ca75 f648 | c700 0100 | 0000 5933 | f689 700c | 49ba 0000 
  0x0000023171eb87e0: 0000 3102 | 0000 492b | ca89 4808 | 49ba 57cc | 7427 f97f | 0000 4180 | 3a00 0f84 | 3c00 0000 
  0x0000023171eb8800: 5048 8bc8 | 4883 ec20 | 40f6 c40f | 0f84 1900 | 0000 4883 | ec08 48b8 | d08d 1e27 | f97f 0000 
  0x0000023171eb8820: ffd0 4883 | c408 e90c | 0000 0048 | b8d0 8d1e | 27f9 7f00 | 00ff d048 | 83c4 2058 | e9c5 0000 
  0x0000023171eb8840: 0059 488b | 55e8 488b | 5208 488b | 5208 450f | b745 0141 | 0fc8 41c1 | e810 e805 | 0000 00e9 
  0x0000023171eb8860: a200 0000 | 488d 4424 | 084c 896d | c049 8bcf | 4989 afa8 | 0300 0049 | 8987 9803 | 0000 4883 
  0x0000023171eb8880: ec20 40f6 | c40f 0f84 | 1900 0000 | 4883 ec08 | 48b8 1072 | e826 f97f | 0000 ffd0 | 4883 c408 
  0x0000023171eb88a0: e90c 0000 | 0048 b810 | 72e8 26f9 | 7f00 00ff | d048 83c4 | 2049 c787 | 9803 0000 | 0000 0000 
  0x0000023171eb88c0: 49c7 87a8 | 0300 0000 | 0000 0049 | c787 a003 | 0000 0000 | 0000 4983 | 7f08 000f | 8405 0000 
  0x0000023171eb88e0: 00e9 1a86 | feff 498b | 87f0 0300 | 0049 c787 | f003 0000 | 0000 0000 | 4c8b 6dc0 | 4c8b 75c8 
  0x0000023171eb8900: 4e8d 74f5 | 00c3 410f | b65d 0349 | 83c5 0349 | ba30 9477 | 27f9 7f00 | 0041 ff24 | da66 6690 
[/MachCode]

Compiled method (c1) 926 1432       1       java.security.AccessController::executePrivileged (65 bytes)
 total in heap  [0x0000023172260e90,0x00000231722611c8] = 824
 relocation     [0x0000023172260ff0,0x0000023172261038] = 72
 main code      [0x0000023172261040,0x00000231722610f8] = 184
 stub code      [0x00000231722610f8,0x0000023172261150] = 88
 metadata       [0x0000023172261150,0x0000023172261158] = 8
 scopes data    [0x0000023172261158,0x0000023172261180] = 40
 scopes pcs     [0x0000023172261180,0x00000231722611c0] = 64
 dependencies   [0x00000231722611c0,0x00000231722611c8] = 8

[Constant Pool (empty)]

[MachCode]
[Verified Entry Point]
  # {method} {0x0000023100472c40} 'executePrivileged' '(Ljava/security/PrivilegedAction;Ljava/security/AccessControlContext;Ljava/lang/Class;)Ljava/lang/Object;' in 'java/security/AccessController'
  # parm0:    rdx:rdx   = 'java/security/PrivilegedAction'
  # parm1:    r8:r8     = 'java/security/AccessControlContext'
  # parm2:    r9:r9     = 'java/lang/Class'
  #           [sp+0x50]  (sp of caller)
  0x0000023172261040: 8984 2400 | 80ff ff55 | 4883 ec40 | 4181 7f20 | 0100 0000 

  0x0000023172261054: ;   {runtime_call StubRoutines (final stubs)}
  0x0000023172261054: 7405 e885 | 3cc7 ff4c | 8944 2430 | 4c89 4c24 | 284d 85c0 | 0f84 1b00 | 0000 4889 | 5424 2049 
  0x0000023172261074: ;   {static_call}
  0x0000023172261074: 8bd0 90e8 

  0x0000023172261078: ; ImmutableOopMap {[32]=Oop [40]=Oop [48]=Oop }
                      ;*invokestatic ensureMaterializedForStackWalk {reexecute=0 rethrow=0 return_oop=0}
                      ; - java.security.AccessController::executePrivileged@5 (line 774)
  0x0000023172261078: 9000 0000 

  0x000002317226107c: ;   {other}
  0x000002317226107c: 0f1f 8400 | ec01 0000 | 488b 5424 | 200f 1f40 | 0048 b8ff | ffff ffff 

  0x0000023172261094: ;   {virtual_call}
  0x0000023172261094: ffff ffe8 

  0x0000023172261098: ; ImmutableOopMap {[40]=Oop [48]=Oop }
                      ;*invokeinterface run {reexecute=0 rethrow=0 return_oop=0}
                      ; - java.security.AccessController::executePrivileged@29 (line 778)
  0x0000023172261098: c4aa c8ff 

  0x000002317226109c: ;   {other}
  0x000002317226109c: 0f1f 8400 | 0c02 0001 | 4883 c440 

  0x00000231722610a8: ;   {poll_return}
  0x00000231722610a8: 5d49 3ba7 | 4804 0000 | 0f87 0100 

  0x00000231722610b4: ;   {internal_word}
  0x00000231722610b4: 0000 c349 | baa9 1026 | 7231 0200 | 004d 8997 | 6004 0000 

  0x00000231722610c8: ;   {runtime_call SafepointBlob}
  0x00000231722610c8: e9b3 41c9 | ff49 8b87 | f804 0000 | 49c7 87f8 | 0400 0000 | 0000 0049 | c787 0005 | 0000 0000 
  0x00000231722610e8: 0000 4883 

  0x00000231722610ec: ;   {runtime_call unwind_exception Runtime1 stub}
  0x00000231722610ec: c440 5de9 | 8cdf d3ff | f4f4 f4f4 
[Stub Code]
  0x00000231722610f8: ;   {no_reloc}
  0x00000231722610f8: 0f1f 4400 

  0x00000231722610fc: ;   {static_stub}
  0x00000231722610fc: 0048 bb00 | 0000 0000 

  0x0000023172261104: ;   {runtime_call nmethod}
  0x0000023172261104: 0000 00e9 | fbff ffff 

  0x000002317226110c: ;   {static_stub}
  0x000002317226110c: 48bb 602a | 4700 3102 

  0x0000023172261114: ;   {runtime_call I2C/C2I adapters}
  0x0000023172261114: 0000 e948 

  0x0000023172261118: ;   {runtime_call handle_exception_from_callee Runtime1 stub}
  0x0000023172261118: 23c9 ffe8 | 600c d4ff 

  0x0000023172261120: ;   {external_word}
  0x0000023172261120: 48b9 90e2 | 4a27 f97f | 0000 4883 

  0x000002317226112c: ;   {runtime_call}
  0x000002317226112c: e4f0 48b8 | 1079 0d27 | f97f 0000 

  0x0000023172261138: ;   {section_word}
  0x0000023172261138: ffd0 f449 | ba3b 1126 | 7231 0200 

  0x0000023172261144: ;   {runtime_call DeoptimizationBlob}
  0x0000023172261144: 0041 52e9 | 543a c9ff | f4f4 f4f4 
[/MachCode]


---------------  P R O C E S S  ---------------

Threads class SMR info:
_java_thread_list=0x000002317d835d80, length=15, elements={
0x00000231662588e0, 0x000002317c910da0, 0x000002317c911ab0, 0x000002317c916890,
0x000002317c919c70, 0x000002317c91a6c0, 0x000002317c91c970, 0x000002317c91ec20,
0x000002317c8de6c0, 0x000002317d1f4c60, 0x000002317d377570, 0x000002317d6ae630,
0x000002317d71a2f0, 0x000002317d740800, 0x000002317d898120
}

Java Threads: ( => current thread )
  0x00000231662588e0 JavaThread "main"                              [_thread_in_vm, id=16740, stack(0x0000008698400000,0x0000008698500000) (1024K)]
  0x000002317c910da0 JavaThread "Reference Handler"          daemon [_thread_blocked, id=3760, stack(0x0000008698d00000,0x0000008698e00000) (1024K)]
  0x000002317c911ab0 JavaThread "Finalizer"                  daemon [_thread_blocked, id=22108, stack(0x0000008698e00000,0x0000008698f00000) (1024K)]
  0x000002317c916890 JavaThread "Signal Dispatcher"          daemon [_thread_blocked, id=28296, stack(0x0000008698f00000,0x0000008699000000) (1024K)]
  0x000002317c919c70 JavaThread "Attach Listener"            daemon [_thread_blocked, id=864, stack(0x0000008699000000,0x0000008699100000) (1024K)]
  0x000002317c91a6c0 JavaThread "Service Thread"             daemon [_thread_blocked, id=28188, stack(0x0000008699100000,0x0000008699200000) (1024K)]
  0x000002317c91c970 JavaThread "Monitor Deflation Thread"   daemon [_thread_blocked, id=24764, stack(0x0000008699200000,0x0000008699300000) (1024K)]
  0x000002317c91ec20 JavaThread "C1 CompilerThread0"         daemon [_thread_blocked, id=29188, stack(0x0000008699300000,0x0000008699400000) (1024K)]
  0x000002317c8de6c0 JavaThread "Common-Cleaner"             daemon [_thread_blocked, id=28300, stack(0x0000008699400000,0x0000008699500000) (1024K)]
  0x000002317d1f4c60 JavaThread "Notification Thread"        daemon [_thread_blocked, id=13572, stack(0x0000008699500000,0x0000008699600000) (1024K)]
  0x000002317d377570 JavaThread "C1 CompilerThread1"         daemon [_thread_blocked, id=15040, stack(0x0000008699600000,0x0000008699700000) (1024K)]
  0x000002317d6ae630 JavaThread "RMI TCP Accept-0"           daemon [_thread_in_native, id=1636, stack(0x0000008699700000,0x0000008699800000) (1024K)]
  0x000002317d71a2f0 JavaThread "RMI TCP Accept-59470"       daemon [_thread_in_native, id=29360, stack(0x0000008699800000,0x0000008699900000) (1024K)]
  0x000002317d740800 JavaThread "RMI TCP Accept-0"           daemon [_thread_in_native, id=11008, stack(0x0000008699900000,0x0000008699a00000) (1024K)]
=>0x000002317d898120 JavaThread "RMI TCP Connection(1)-127.0.0.1" daemon [_thread_in_vm, id=28044, stack(0x000000869a100000,0x000000869a200000) (1024K)]
Total: 15

Other Threads:
  0x000002317c8f36e0 VMThread "VM Thread"                           [id=1752, stack(0x0000008698c00000,0x0000008698d00000) (1024K)]
  0x000002317c8dd9f0 WatcherThread "VM Periodic Task Thread"        [id=6188, stack(0x0000008698b00000,0x0000008698c00000) (1024K)]
  0x000002316e583a80 WorkerThread "GC Thread#0"                     [id=28912, stack(0x0000008698600000,0x0000008698700000) (1024K)]
  0x000002317d7b9850 WorkerThread "GC Thread#1"                     [id=27908, stack(0x0000008699a00000,0x0000008699b00000) (1024K)]
  0x000002317d7b9bf0 WorkerThread "GC Thread#2"                     [id=11380, stack(0x0000008699b00000,0x0000008699c00000) (1024K)]
  0x000002317d76b180 WorkerThread "GC Thread#3"                     [id=13860, stack(0x0000008699c00000,0x0000008699d00000) (1024K)]
  0x000002317d76b520 WorkerThread "GC Thread#4"                     [id=29192, stack(0x0000008699d00000,0x0000008699e00000) (1024K)]
  0x000002317d76b8c0 WorkerThread "GC Thread#5"                     [id=13564, stack(0x0000008699e00000,0x0000008699f00000) (1024K)]
  0x000002317d835320 WorkerThread "GC Thread#6"                     [id=27300, stack(0x0000008699f00000,0x000000869a000000) (1024K)]
  0x000002317d8358d0 WorkerThread "GC Thread#7"                     [id=24628, stack(0x000000869a000000,0x000000869a100000) (1024K)]
  0x000002316e594330 ConcurrentGCThread "G1 Main Marker"            [id=29088, stack(0x0000008698700000,0x0000008698800000) (1024K)]
  0x000002316e595550 WorkerThread "G1 Conc#0"                       [id=19184, stack(0x0000008698800000,0x0000008698900000) (1024K)]
  0x000002317c7ad420 ConcurrentGCThread "G1 Refine#0"               [id=28556, stack(0x0000008698900000,0x0000008698a00000) (1024K)]
  0x000002317c7adda0 ConcurrentGCThread "G1 Service"                [id=22300, stack(0x0000008698a00000,0x0000008698b00000) (1024K)]
Total: 14

Threads with active compile tasks:
Total: 0

VM state: not at safepoint (normal execution)

VM Mutex/Monitor currently owned by a thread:  ([mutex/lock_event])
[0x00007ff927763458] Metaspace_lock - owner thread: 0x000002317d898120

Heap address: 0x0000000706400000, size: 3996 MB, Compressed Oops mode: Zero based, Oop shift amount: 3

CDS archive(s) mapped at: [0x0000023100000000-0x0000023100c80000-0x0000023100c80000), size 13107200, SharedBaseAddress: 0x0000023100000000, ArchiveRelocationMode: 1.
Compressed class space mapped at: 0x0000023101000000-0x0000023141000000, reserved size: 1073741824
Narrow klass base: 0x0000023100000000, Narrow klass shift: 0, Narrow klass range: 0x100000000

GC Precious Log:
 CardTable entry size: 512
 Card Set container configuration: InlinePtr #cards 4 size 8 Array Of Cards #cards 16 size 48 Howl #buckets 8 coarsen threshold 3686 Howl Bitmap #cards 512 size 80 coarsen threshold 460 Card regions per heap region 1 cards per card region 4096
 CPUs: 8 total, 8 available
 Memory: 15982M
 Large Page Support: Disabled
 NUMA Support: Disabled
 Compressed Oops: Enabled (Zero based)
 Heap Region Size: 2M
 Heap Min Capacity: 8M
 Heap Initial Capacity: 250M
 Heap Max Capacity: 3996M
 Pre-touch: Disabled
 Parallel Workers: 8
 Concurrent Workers: 2
 Concurrent Refinement Workers: 8
 Periodic GC: Disabled

Heap:
 garbage-first heap   total 256000K, used 10031K [0x0000000706400000, 0x0000000800000000)
  region size 2048K, 4 young (8192K), 2 survivors (4096K)
 Metaspace       used 7022K, committed 7232K, reserved 1114112K
  class space    used 870K, committed 960K, reserved 1048576K

Heap Regions: E=young(eden), S=young(survivor), O=old, HS=humongous(starts), HC=humongous(continues), CS=collection set, F=free, TAMS=top-at-mark-start, PB=parsable bottom
|   0|0x0000000706400000, 0x0000000706600000, 0x0000000706600000|100%| O|  |TAMS 0x0000000706400000| PB 0x0000000706400000| Untracked 
|   1|0x0000000706600000, 0x00000007067cbf28, 0x0000000706800000| 89%| O|  |TAMS 0x0000000706600000| PB 0x0000000706600000| Untracked 
|   2|0x0000000706800000, 0x0000000706800000, 0x0000000706a00000|  0%| F|  |TAMS 0x0000000706800000| PB 0x0000000706800000| Untracked 
|   3|0x0000000706a00000, 0x0000000706a00000, 0x0000000706c00000|  0%| F|  |TAMS 0x0000000706a00000| PB 0x0000000706a00000| Untracked 
|   4|0x0000000706c00000, 0x0000000706c00000, 0x0000000706e00000|  0%| F|  |TAMS 0x0000000706c00000| PB 0x0000000706c00000| Untracked 
|   5|0x0000000706e00000, 0x0000000706e00000, 0x0000000707000000|  0%| F|  |TAMS 0x0000000706e00000| PB 0x0000000706e00000| Untracked 
|   6|0x0000000707000000, 0x0000000707000000, 0x0000000707200000|  0%| F|  |TAMS 0x0000000707000000| PB 0x0000000707000000| Untracked 
|   7|0x0000000707200000, 0x0000000707200000, 0x0000000707400000|  0%| F|  |TAMS 0x0000000707200000| PB 0x0000000707200000| Untracked 
|   8|0x0000000707400000, 0x0000000707400000, 0x0000000707600000|  0%| F|  |TAMS 0x0000000707400000| PB 0x0000000707400000| Untracked 
|   9|0x0000000707600000, 0x0000000707600000, 0x0000000707800000|  0%| F|  |TAMS 0x0000000707600000| PB 0x0000000707600000| Untracked 
|  10|0x0000000707800000, 0x0000000707800000, 0x0000000707a00000|  0%| F|  |TAMS 0x0000000707800000| PB 0x0000000707800000| Untracked 
|  11|0x0000000707a00000, 0x0000000707a00000, 0x0000000707c00000|  0%| F|  |TAMS 0x0000000707a00000| PB 0x0000000707a00000| Untracked 
|  12|0x0000000707c00000, 0x0000000707c00000, 0x0000000707e00000|  0%| F|  |TAMS 0x0000000707c00000| PB 0x0000000707c00000| Untracked 
|  13|0x0000000707e00000, 0x0000000707e00000, 0x0000000708000000|  0%| F|  |TAMS 0x0000000707e00000| PB 0x0000000707e00000| Untracked 
|  14|0x0000000708000000, 0x0000000708000000, 0x0000000708200000|  0%| F|  |TAMS 0x0000000708000000| PB 0x0000000708000000| Untracked 
|  15|0x0000000708200000, 0x0000000708200000, 0x0000000708400000|  0%| F|  |TAMS 0x0000000708200000| PB 0x0000000708200000| Untracked 
|  16|0x0000000708400000, 0x0000000708400000, 0x0000000708600000|  0%| F|  |TAMS 0x0000000708400000| PB 0x0000000708400000| Untracked 
|  17|0x0000000708600000, 0x0000000708600000, 0x0000000708800000|  0%| F|  |TAMS 0x0000000708600000| PB 0x0000000708600000| Untracked 
|  18|0x0000000708800000, 0x0000000708800000, 0x0000000708a00000|  0%| F|  |TAMS 0x0000000708800000| PB 0x0000000708800000| Untracked 
|  19|0x0000000708a00000, 0x0000000708a00000, 0x0000000708c00000|  0%| F|  |TAMS 0x0000000708a00000| PB 0x0000000708a00000| Untracked 
|  20|0x0000000708c00000, 0x0000000708c00000, 0x0000000708e00000|  0%| F|  |TAMS 0x0000000708c00000| PB 0x0000000708c00000| Untracked 
|  21|0x0000000708e00000, 0x0000000708e00000, 0x0000000709000000|  0%| F|  |TAMS 0x0000000708e00000| PB 0x0000000708e00000| Untracked 
|  22|0x0000000709000000, 0x0000000709000000, 0x0000000709200000|  0%| F|  |TAMS 0x0000000709000000| PB 0x0000000709000000| Untracked 
|  23|0x0000000709200000, 0x0000000709200000, 0x0000000709400000|  0%| F|  |TAMS 0x0000000709200000| PB 0x0000000709200000| Untracked 
|  24|0x0000000709400000, 0x0000000709400000, 0x0000000709600000|  0%| F|  |TAMS 0x0000000709400000| PB 0x0000000709400000| Untracked 
|  25|0x0000000709600000, 0x0000000709600000, 0x0000000709800000|  0%| F|  |TAMS 0x0000000709600000| PB 0x0000000709600000| Untracked 
|  26|0x0000000709800000, 0x0000000709800000, 0x0000000709a00000|  0%| F|  |TAMS 0x0000000709800000| PB 0x0000000709800000| Untracked 
|  27|0x0000000709a00000, 0x0000000709a00000, 0x0000000709c00000|  0%| F|  |TAMS 0x0000000709a00000| PB 0x0000000709a00000| Untracked 
|  28|0x0000000709c00000, 0x0000000709c00000, 0x0000000709e00000|  0%| F|  |TAMS 0x0000000709c00000| PB 0x0000000709c00000| Untracked 
|  29|0x0000000709e00000, 0x0000000709e00000, 0x000000070a000000|  0%| F|  |TAMS 0x0000000709e00000| PB 0x0000000709e00000| Untracked 
|  30|0x000000070a000000, 0x000000070a000000, 0x000000070a200000|  0%| F|  |TAMS 0x000000070a000000| PB 0x000000070a000000| Untracked 
|  31|0x000000070a200000, 0x000000070a200000, 0x000000070a400000|  0%| F|  |TAMS 0x000000070a200000| PB 0x000000070a200000| Untracked 
|  32|0x000000070a400000, 0x000000070a400000, 0x000000070a600000|  0%| F|  |TAMS 0x000000070a400000| PB 0x000000070a400000| Untracked 
|  33|0x000000070a600000, 0x000000070a600000, 0x000000070a800000|  0%| F|  |TAMS 0x000000070a600000| PB 0x000000070a600000| Untracked 
|  34|0x000000070a800000, 0x000000070a800000, 0x000000070aa00000|  0%| F|  |TAMS 0x000000070a800000| PB 0x000000070a800000| Untracked 
|  35|0x000000070aa00000, 0x000000070aa00000, 0x000000070ac00000|  0%| F|  |TAMS 0x000000070aa00000| PB 0x000000070aa00000| Untracked 
|  36|0x000000070ac00000, 0x000000070ac00000, 0x000000070ae00000|  0%| F|  |TAMS 0x000000070ac00000| PB 0x000000070ac00000| Untracked 
|  37|0x000000070ae00000, 0x000000070ae00000, 0x000000070b000000|  0%| F|  |TAMS 0x000000070ae00000| PB 0x000000070ae00000| Untracked 
|  38|0x000000070b000000, 0x000000070b000000, 0x000000070b200000|  0%| F|  |TAMS 0x000000070b000000| PB 0x000000070b000000| Untracked 
|  39|0x000000070b200000, 0x000000070b200000, 0x000000070b400000|  0%| F|  |TAMS 0x000000070b200000| PB 0x000000070b200000| Untracked 
|  40|0x000000070b400000, 0x000000070b400000, 0x000000070b600000|  0%| F|  |TAMS 0x000000070b400000| PB 0x000000070b400000| Untracked 
|  41|0x000000070b600000, 0x000000070b600000, 0x000000070b800000|  0%| F|  |TAMS 0x000000070b600000| PB 0x000000070b600000| Untracked 
|  42|0x000000070b800000, 0x000000070b800000, 0x000000070ba00000|  0%| F|  |TAMS 0x000000070b800000| PB 0x000000070b800000| Untracked 
|  43|0x000000070ba00000, 0x000000070ba00000, 0x000000070bc00000|  0%| F|  |TAMS 0x000000070ba00000| PB 0x000000070ba00000| Untracked 
|  44|0x000000070bc00000, 0x000000070bc00000, 0x000000070be00000|  0%| F|  |TAMS 0x000000070bc00000| PB 0x000000070bc00000| Untracked 
|  45|0x000000070be00000, 0x000000070be00000, 0x000000070c000000|  0%| F|  |TAMS 0x000000070be00000| PB 0x000000070be00000| Untracked 
|  46|0x000000070c000000, 0x000000070c000000, 0x000000070c200000|  0%| F|  |TAMS 0x000000070c000000| PB 0x000000070c000000| Untracked 
|  47|0x000000070c200000, 0x000000070c200000, 0x000000070c400000|  0%| F|  |TAMS 0x000000070c200000| PB 0x000000070c200000| Untracked 
|  48|0x000000070c400000, 0x000000070c400000, 0x000000070c600000|  0%| F|  |TAMS 0x000000070c400000| PB 0x000000070c400000| Untracked 
|  49|0x000000070c600000, 0x000000070c600000, 0x000000070c800000|  0%| F|  |TAMS 0x000000070c600000| PB 0x000000070c600000| Untracked 
|  50|0x000000070c800000, 0x000000070c800000, 0x000000070ca00000|  0%| F|  |TAMS 0x000000070c800000| PB 0x000000070c800000| Untracked 
|  51|0x000000070ca00000, 0x000000070ca00000, 0x000000070cc00000|  0%| F|  |TAMS 0x000000070ca00000| PB 0x000000070ca00000| Untracked 
|  52|0x000000070cc00000, 0x000000070cc00000, 0x000000070ce00000|  0%| F|  |TAMS 0x000000070cc00000| PB 0x000000070cc00000| Untracked 
|  53|0x000000070ce00000, 0x000000070ce00000, 0x000000070d000000|  0%| F|  |TAMS 0x000000070ce00000| PB 0x000000070ce00000| Untracked 
|  54|0x000000070d000000, 0x000000070d000000, 0x000000070d200000|  0%| F|  |TAMS 0x000000070d000000| PB 0x000000070d000000| Untracked 
|  55|0x000000070d200000, 0x000000070d200000, 0x000000070d400000|  0%| F|  |TAMS 0x000000070d200000| PB 0x000000070d200000| Untracked 
|  56|0x000000070d400000, 0x000000070d400000, 0x000000070d600000|  0%| F|  |TAMS 0x000000070d400000| PB 0x000000070d400000| Untracked 
|  57|0x000000070d600000, 0x000000070d600000, 0x000000070d800000|  0%| F|  |TAMS 0x000000070d600000| PB 0x000000070d600000| Untracked 
|  58|0x000000070d800000, 0x000000070d800000, 0x000000070da00000|  0%| F|  |TAMS 0x000000070d800000| PB 0x000000070d800000| Untracked 
|  59|0x000000070da00000, 0x000000070da00000, 0x000000070dc00000|  0%| F|  |TAMS 0x000000070da00000| PB 0x000000070da00000| Untracked 
|  60|0x000000070dc00000, 0x000000070dc00000, 0x000000070de00000|  0%| F|  |TAMS 0x000000070dc00000| PB 0x000000070dc00000| Untracked 
|  61|0x000000070de00000, 0x000000070de00000, 0x000000070e000000|  0%| F|  |TAMS 0x000000070de00000| PB 0x000000070de00000| Untracked 
|  62|0x000000070e000000, 0x000000070e000000, 0x000000070e200000|  0%| F|  |TAMS 0x000000070e000000| PB 0x000000070e000000| Untracked 
|  63|0x000000070e200000, 0x000000070e200000, 0x000000070e400000|  0%| F|  |TAMS 0x000000070e200000| PB 0x000000070e200000| Untracked 
|  64|0x000000070e400000, 0x000000070e400000, 0x000000070e600000|  0%| F|  |TAMS 0x000000070e400000| PB 0x000000070e400000| Untracked 
|  65|0x000000070e600000, 0x000000070e600000, 0x000000070e800000|  0%| F|  |TAMS 0x000000070e600000| PB 0x000000070e600000| Untracked 
|  66|0x000000070e800000, 0x000000070e800000, 0x000000070ea00000|  0%| F|  |TAMS 0x000000070e800000| PB 0x000000070e800000| Untracked 
|  67|0x000000070ea00000, 0x000000070ea00000, 0x000000070ec00000|  0%| F|  |TAMS 0x000000070ea00000| PB 0x000000070ea00000| Untracked 
|  68|0x000000070ec00000, 0x000000070ec00000, 0x000000070ee00000|  0%| F|  |TAMS 0x000000070ec00000| PB 0x000000070ec00000| Untracked 
|  69|0x000000070ee00000, 0x000000070ee00000, 0x000000070f000000|  0%| F|  |TAMS 0x000000070ee00000| PB 0x000000070ee00000| Untracked 
|  70|0x000000070f000000, 0x000000070f000000, 0x000000070f200000|  0%| F|  |TAMS 0x000000070f000000| PB 0x000000070f000000| Untracked 
|  71|0x000000070f200000, 0x000000070f200000, 0x000000070f400000|  0%| F|  |TAMS 0x000000070f200000| PB 0x000000070f200000| Untracked 
|  72|0x000000070f400000, 0x000000070f400000, 0x000000070f600000|  0%| F|  |TAMS 0x000000070f400000| PB 0x000000070f400000| Untracked 
|  73|0x000000070f600000, 0x000000070f600000, 0x000000070f800000|  0%| F|  |TAMS 0x000000070f600000| PB 0x000000070f600000| Untracked 
|  74|0x000000070f800000, 0x000000070f800000, 0x000000070fa00000|  0%| F|  |TAMS 0x000000070f800000| PB 0x000000070f800000| Untracked 
|  75|0x000000070fa00000, 0x000000070fa00000, 0x000000070fc00000|  0%| F|  |TAMS 0x000000070fa00000| PB 0x000000070fa00000| Untracked 
|  76|0x000000070fc00000, 0x000000070fc00000, 0x000000070fe00000|  0%| F|  |TAMS 0x000000070fc00000| PB 0x000000070fc00000| Untracked 
|  77|0x000000070fe00000, 0x000000070fe00000, 0x0000000710000000|  0%| F|  |TAMS 0x000000070fe00000| PB 0x000000070fe00000| Untracked 
|  78|0x0000000710000000, 0x0000000710000000, 0x0000000710200000|  0%| F|  |TAMS 0x0000000710000000| PB 0x0000000710000000| Untracked 
|  79|0x0000000710200000, 0x0000000710200000, 0x0000000710400000|  0%| F|  |TAMS 0x0000000710200000| PB 0x0000000710200000| Untracked 
|  80|0x0000000710400000, 0x0000000710400000, 0x0000000710600000|  0%| F|  |TAMS 0x0000000710400000| PB 0x0000000710400000| Untracked 
|  81|0x0000000710600000, 0x0000000710600000, 0x0000000710800000|  0%| F|  |TAMS 0x0000000710600000| PB 0x0000000710600000| Untracked 
|  82|0x0000000710800000, 0x0000000710800000, 0x0000000710a00000|  0%| F|  |TAMS 0x0000000710800000| PB 0x0000000710800000| Untracked 
|  83|0x0000000710a00000, 0x0000000710a00000, 0x0000000710c00000|  0%| F|  |TAMS 0x0000000710a00000| PB 0x0000000710a00000| Untracked 
|  84|0x0000000710c00000, 0x0000000710c00000, 0x0000000710e00000|  0%| F|  |TAMS 0x0000000710c00000| PB 0x0000000710c00000| Untracked 
|  85|0x0000000710e00000, 0x0000000710e00000, 0x0000000711000000|  0%| F|  |TAMS 0x0000000710e00000| PB 0x0000000710e00000| Untracked 
|  86|0x0000000711000000, 0x0000000711000000, 0x0000000711200000|  0%| F|  |TAMS 0x0000000711000000| PB 0x0000000711000000| Untracked 
|  87|0x0000000711200000, 0x0000000711200000, 0x0000000711400000|  0%| F|  |TAMS 0x0000000711200000| PB 0x0000000711200000| Untracked 
|  88|0x0000000711400000, 0x0000000711400000, 0x0000000711600000|  0%| F|  |TAMS 0x0000000711400000| PB 0x0000000711400000| Untracked 
|  89|0x0000000711600000, 0x0000000711600000, 0x0000000711800000|  0%| F|  |TAMS 0x0000000711600000| PB 0x0000000711600000| Untracked 
|  90|0x0000000711800000, 0x0000000711800000, 0x0000000711a00000|  0%| F|  |TAMS 0x0000000711800000| PB 0x0000000711800000| Untracked 
|  91|0x0000000711a00000, 0x0000000711a00000, 0x0000000711c00000|  0%| F|  |TAMS 0x0000000711a00000| PB 0x0000000711a00000| Untracked 
|  92|0x0000000711c00000, 0x0000000711c00000, 0x0000000711e00000|  0%| F|  |TAMS 0x0000000711c00000| PB 0x0000000711c00000| Untracked 
|  93|0x0000000711e00000, 0x0000000711e00000, 0x0000000712000000|  0%| F|  |TAMS 0x0000000711e00000| PB 0x0000000711e00000| Untracked 
|  94|0x0000000712000000, 0x0000000712000000, 0x0000000712200000|  0%| F|  |TAMS 0x0000000712000000| PB 0x0000000712000000| Untracked 
|  95|0x0000000712200000, 0x0000000712200000, 0x0000000712400000|  0%| F|  |TAMS 0x0000000712200000| PB 0x0000000712200000| Untracked 
|  96|0x0000000712400000, 0x0000000712400000, 0x0000000712600000|  0%| F|  |TAMS 0x0000000712400000| PB 0x0000000712400000| Untracked 
|  97|0x0000000712600000, 0x0000000712600000, 0x0000000712800000|  0%| F|  |TAMS 0x0000000712600000| PB 0x0000000712600000| Untracked 
|  98|0x0000000712800000, 0x0000000712800000, 0x0000000712a00000|  0%| F|  |TAMS 0x0000000712800000| PB 0x0000000712800000| Untracked 
|  99|0x0000000712a00000, 0x0000000712a00000, 0x0000000712c00000|  0%| F|  |TAMS 0x0000000712a00000| PB 0x0000000712a00000| Untracked 
| 100|0x0000000712c00000, 0x0000000712c00000, 0x0000000712e00000|  0%| F|  |TAMS 0x0000000712c00000| PB 0x0000000712c00000| Untracked 
| 101|0x0000000712e00000, 0x0000000712e00000, 0x0000000713000000|  0%| F|  |TAMS 0x0000000712e00000| PB 0x0000000712e00000| Untracked 
| 102|0x0000000713000000, 0x0000000713000000, 0x0000000713200000|  0%| F|  |TAMS 0x0000000713000000| PB 0x0000000713000000| Untracked 
| 103|0x0000000713200000, 0x0000000713200000, 0x0000000713400000|  0%| F|  |TAMS 0x0000000713200000| PB 0x0000000713200000| Untracked 
| 104|0x0000000713400000, 0x0000000713400000, 0x0000000713600000|  0%| F|  |TAMS 0x0000000713400000| PB 0x0000000713400000| Untracked 
| 105|0x0000000713600000, 0x0000000713600000, 0x0000000713800000|  0%| F|  |TAMS 0x0000000713600000| PB 0x0000000713600000| Untracked 
| 106|0x0000000713800000, 0x0000000713800000, 0x0000000713a00000|  0%| F|  |TAMS 0x0000000713800000| PB 0x0000000713800000| Untracked 
| 107|0x0000000713a00000, 0x0000000713a00000, 0x0000000713c00000|  0%| F|  |TAMS 0x0000000713a00000| PB 0x0000000713a00000| Untracked 
| 108|0x0000000713c00000, 0x0000000713c00000, 0x0000000713e00000|  0%| F|  |TAMS 0x0000000713c00000| PB 0x0000000713c00000| Untracked 
| 109|0x0000000713e00000, 0x0000000713e00000, 0x0000000714000000|  0%| F|  |TAMS 0x0000000713e00000| PB 0x0000000713e00000| Untracked 
| 110|0x0000000714000000, 0x0000000714000000, 0x0000000714200000|  0%| F|  |TAMS 0x0000000714000000| PB 0x0000000714000000| Untracked 
| 111|0x0000000714200000, 0x0000000714200000, 0x0000000714400000|  0%| F|  |TAMS 0x0000000714200000| PB 0x0000000714200000| Untracked 
| 112|0x0000000714400000, 0x0000000714600000, 0x0000000714600000|100%| S|CS|TAMS 0x0000000714400000| PB 0x0000000714400000| Complete 
| 113|0x0000000714600000, 0x0000000714800000, 0x0000000714800000|100%| S|CS|TAMS 0x0000000714600000| PB 0x0000000714600000| Complete 
| 114|0x0000000714800000, 0x0000000714800000, 0x0000000714a00000|  0%| F|  |TAMS 0x0000000714800000| PB 0x0000000714800000| Untracked 
| 115|0x0000000714a00000, 0x0000000714a00000, 0x0000000714c00000|  0%| F|  |TAMS 0x0000000714a00000| PB 0x0000000714a00000| Untracked 
| 116|0x0000000714c00000, 0x0000000714c00000, 0x0000000714e00000|  0%| F|  |TAMS 0x0000000714c00000| PB 0x0000000714c00000| Untracked 
| 117|0x0000000714e00000, 0x0000000714e00000, 0x0000000715000000|  0%| F|  |TAMS 0x0000000714e00000| PB 0x0000000714e00000| Untracked 
| 118|0x0000000715000000, 0x0000000715000000, 0x0000000715200000|  0%| F|  |TAMS 0x0000000715000000| PB 0x0000000715000000| Untracked 
| 119|0x0000000715200000, 0x0000000715200000, 0x0000000715400000|  0%| F|  |TAMS 0x0000000715200000| PB 0x0000000715200000| Untracked 
| 120|0x0000000715400000, 0x0000000715400000, 0x0000000715600000|  0%| F|  |TAMS 0x0000000715400000| PB 0x0000000715400000| Untracked 
| 121|0x0000000715600000, 0x0000000715600000, 0x0000000715800000|  0%| F|  |TAMS 0x0000000715600000| PB 0x0000000715600000| Untracked 
| 122|0x0000000715800000, 0x0000000715800000, 0x0000000715a00000|  0%| F|  |TAMS 0x0000000715800000| PB 0x0000000715800000| Untracked 
| 123|0x0000000715a00000, 0x0000000715bb8520, 0x0000000715c00000| 86%| E|  |TAMS 0x0000000715a00000| PB 0x0000000715a00000| Complete 
| 124|0x0000000715c00000, 0x0000000715e00000, 0x0000000715e00000|100%| E|CS|TAMS 0x0000000715c00000| PB 0x0000000715c00000| Complete 

Card table byte_map: [0x0000023175890000,0x0000023176060000] _byte_map_base: 0x000002317205e000

Marking Bits: (CMBitMap*) 0x000002316e584090
 Bits: [0x0000023176060000, 0x0000023179ed0000)

Polling page: 0x000002316dcc0000

Metaspace:

Usage:
  Non-class:      6.01 MB used.
      Class:    870.48 KB used.
       Both:      6.86 MB used.

Virtual space:
  Non-class space:       64.00 MB reserved,       6.12 MB ( 10%) committed,  1 nodes.
      Class space:        1.00 GB reserved,     960.00 KB ( <1%) committed,  1 nodes.
             Both:        1.06 GB reserved,       7.06 MB ( <1%) committed. 

Chunk freelists:
   Non-Class:  9.54 MB
       Class:  15.01 MB
        Both:  24.56 MB

MaxMetaspaceSize: unlimited
CompressedClassSpaceSize: 1.00 GB
Initial GC threshold: 21.00 MB
Current GC threshold: 21.00 MB
CDS: on
 - commit_granule_bytes: 65536.
 - commit_granule_words: 8192.
 - virtual_space_node_default_size: 8388608.
 - enlarge_chunks_in_place: 1.
 - use_allocation_guard: 0.


Internal statistics:

num_allocs_failed_limit: 0.
num_arena_births: 198.
num_arena_deaths: 0.
num_vsnodes_births: 2.
num_vsnodes_deaths: 0.
num_space_committed: 113.
num_space_uncommitted: 0.
num_chunks_returned_to_freelist: 0.
num_chunks_taken_from_freelist: 298.
num_chunk_merges: 0.
num_chunk_splits: 195.
num_chunks_enlarged: 119.
num_inconsistent_stats: 0.

CodeCache: size=49152Kb used=3955Kb max_used=3955Kb free=45197Kb
 bounds [0x0000023171ea0000, 0x0000023172280000, 0x0000023174ea0000]
 total_blobs=1956, nmethods=1479, adapters=402, full_count=0
Compilation: enabled, stopped_count=0, restarted_count=0

Compilation events (20 events):
Event: 0.885 Thread 0x000002317c91ec20 nmethod 1468 0x0000023172277a90 code [0x0000023172277c40, 0x0000023172277fa0]
Event: 0.885 Thread 0x000002317d377570 1470       1       java.lang.Thread::getAndClearInterrupt (19 bytes)
Event: 0.885 Thread 0x000002317c91ec20 1469       1       java.lang.Thread::interrupted (7 bytes)
Event: 0.886 Thread 0x000002317d377570 nmethod 1470 0x0000023172278290 code [0x0000023172278440, 0x0000023172278548]
Event: 0.886 Thread 0x000002317c91ec20 nmethod 1469 0x0000023172278610 code [0x00000231722787c0, 0x00000231722788b8]
Event: 0.886 Thread 0x000002317c91ec20 1471       1       java.security.CodeSource::<init> (52 bytes)
Event: 0.886 Thread 0x000002317d377570 1472       1       java.security.SecureClassLoader::getProtectionDomain (37 bytes)
Event: 0.887 Thread 0x000002317d377570 nmethod 1472 0x0000023172278990 code [0x0000023172278b60, 0x0000023172278e58]
Event: 0.887 Thread 0x000002317d377570 1473       1       java.security.SecureClassLoader$CodeSourceKey::<init> (10 bytes)
Event: 0.887 Thread 0x000002317c91ec20 nmethod 1471 0x0000023172278f90 code [0x0000023172279160, 0x00000231722794e8]
Event: 0.887 Thread 0x000002317c91ec20 1474       1       java.security.SecureClassLoader$1::<init> (10 bytes)
Event: 0.887 Thread 0x000002317d377570 nmethod 1473 0x0000023172279610 code [0x00000231722797a0, 0x00000231722798b8]
Event: 0.887 Thread 0x000002317d377570 1475       1       java.security.SecureClassLoader$CodeSourceKey::hashCode (21 bytes)
Event: 0.887 Thread 0x000002317c91ec20 nmethod 1474 0x0000023172279910 code [0x0000023172279aa0, 0x0000023172279bb8]
Event: 0.887 Thread 0x000002317c91ec20 1476       1       java.lang.ClassLoader::defineClass (43 bytes)
Event: 0.887 Thread 0x000002317d377570 nmethod 1475 0x0000023172279c10 code [0x0000023172279dc0, 0x0000023172279ef0]
Event: 0.887 Thread 0x000002317d377570 1477       1       java.lang.ClassLoader::preDefineClass (118 bytes)
Event: 0.887 Thread 0x000002317c91ec20 nmethod 1476 0x000002317227a010 code [0x000002317227a1e0, 0x000002317227a420]
Event: 0.887 Thread 0x000002317c91ec20 1478       1       java.lang.ClassLoader::checkCerts (121 bytes)
Event: 0.887 Thread 0x000002317d377570 nmethod 1477 0x000002317227a610 code [0x000002317227a8a0, 0x000002317227afe8]

GC Heap History (2 events):
Event: 0.760 GC heap before
{Heap before GC invocations=0 (full 0):
 garbage-first heap   total 256000K, used 20480K [0x0000000706400000, 0x0000000800000000)
  region size 2048K, 11 young (22528K), 0 survivors (0K)
 Metaspace       used 6156K, committed 6464K, reserved 1114112K
  class space    used 748K, committed 896K, reserved 1048576K
}
Event: 0.768 GC heap after
{Heap after GC invocations=1 (full 0):
 garbage-first heap   total 256000K, used 7983K [0x0000000706400000, 0x0000000800000000)
  region size 2048K, 2 young (4096K), 2 survivors (4096K)
 Metaspace       used 6156K, committed 6464K, reserved 1114112K
  class space    used 748K, committed 896K, reserved 1048576K
}

Dll operation events (9 events):
Event: 0.007 Loaded shared library D:\eclipse\plugins\org.eclipse.justj.openjdk.hotspot.jre.full.win32.x86_64_21.0.8.v20250724-1412\jre\bin\java.dll
Event: 0.043 Loaded shared library D:\eclipse\plugins\org.eclipse.justj.openjdk.hotspot.jre.full.win32.x86_64_21.0.8.v20250724-1412\jre\bin\zip.dll
Event: 0.131 Loaded shared library D:\eclipse\plugins\org.eclipse.justj.openjdk.hotspot.jre.full.win32.x86_64_21.0.8.v20250724-1412\jre\bin\jimage.dll
Event: 0.140 Loaded shared library D:\eclipse\plugins\org.eclipse.justj.openjdk.hotspot.jre.full.win32.x86_64_21.0.8.v20250724-1412\jre\bin\net.dll
Event: 0.141 Loaded shared library D:\eclipse\plugins\org.eclipse.justj.openjdk.hotspot.jre.full.win32.x86_64_21.0.8.v20250724-1412\jre\bin\nio.dll
Event: 0.143 Loaded shared library D:\eclipse\plugins\org.eclipse.justj.openjdk.hotspot.jre.full.win32.x86_64_21.0.8.v20250724-1412\jre\bin\zip.dll
Event: 0.208 Loaded shared library D:\eclipse\plugins\org.eclipse.justj.openjdk.hotspot.jre.full.win32.x86_64_21.0.8.v20250724-1412\jre\bin\management.dll
Event: 0.225 Loaded shared library D:\eclipse\plugins\org.eclipse.justj.openjdk.hotspot.jre.full.win32.x86_64_21.0.8.v20250724-1412\jre\bin\management_ext.dll
Event: 0.579 Loaded shared library D:\eclipse\plugins\org.eclipse.justj.openjdk.hotspot.jre.full.win32.x86_64_21.0.8.v20250724-1412\jre\bin\extnet.dll

Deoptimization events (0 events):
No events

Classes loaded (20 events):
Event: 0.875 Loading class sun/rmi/transport/tcp/TCPChannel done
Event: 0.877 Loading class sun/rmi/transport/tcp/TCPConnection
Event: 0.877 Loading class sun/rmi/transport/Connection
Event: 0.877 Loading class sun/rmi/transport/Connection done
Event: 0.877 Loading class sun/rmi/transport/tcp/TCPConnection done
Event: 0.882 Loading class sun/rmi/transport/StreamRemoteCall
Event: 0.882 Loading class java/rmi/server/RemoteCall
Event: 0.882 Loading class java/rmi/server/RemoteCall done
Event: 0.882 Loading class sun/rmi/transport/StreamRemoteCall done
Event: 0.882 Loading class sun/rmi/transport/ConnectionInputStream
Event: 0.882 Loading class sun/rmi/server/MarshalInputStream
Event: 0.883 Loading class sun/rmi/server/MarshalInputStream done
Event: 0.883 Loading class sun/rmi/transport/ConnectionInputStream done
Event: 0.883 Loading class jdk/internal/access/JavaObjectInputStreamAccess
Event: 0.883 Loading class jdk/internal/access/JavaObjectInputStreamAccess done
Event: 0.884 Loading class jdk/internal/access/JavaObjectInputStreamReadString
Event: 0.884 Loading class jdk/internal/access/JavaObjectInputStreamReadString done
Event: 0.885 Loading class java/io/ObjectInputStream$BlockDataInputStream
Event: 0.886 Loading class java/io/ObjectInputStream$BlockDataInputStream done
Event: 0.886 Loading class java/io/ObjectInputStream$PeekInputStream

Classes unloaded (0 events):
No events

Classes redefined (0 events):
No events

Internal exceptions (19 events):
Event: 0.231 Thread 0x00000231662588e0 Exception <a 'java/lang/NoSuchMethodError'{0x0000000715574690}: 'int java.lang.invoke.DirectMethodHandle$Holder.invokeInterface(java.lang.Object, java.lang.Object)'> (0x0000000715574690) 
thrown [s\src\hotspot\share\interpreter\linkResolver.cpp, line 773]
Event: 0.231 Thread 0x00000231662588e0 Exception <a 'java/lang/IncompatibleClassChangeError'{0x0000000715577a98}: Found class java.lang.Object, but interface was expected> (0x0000000715577a98) 
thrown [s\src\hotspot\share\interpreter\linkResolver.cpp, line 840]
Event: 0.232 Thread 0x00000231662588e0 Exception <a 'java/lang/NoSuchMethodError'{0x000000071557ce28}: 'void java.lang.invoke.DirectMethodHandle$Holder.invokeStatic(java.lang.Object, java.lang.Object)'> (0x000000071557ce28) 
thrown [s\src\hotspot\share\interpreter\linkResolver.cpp, line 773]
Event: 0.296 Thread 0x00000231662588e0 Exception <a 'java/lang/NoSuchMethodError'{0x000000071524d9c0}: 'int java.lang.invoke.DirectMethodHandle$Holder.invokeSpecial(java.lang.Object, java.lang.Object, java.lang.Object)'> (0x000000071524d9c0) 
thrown [s\src\hotspot\share\interpreter\linkResolver.cpp, line 773]
Event: 0.366 Thread 0x00000231662588e0 Exception <a 'java/lang/NoSuchMethodError'{0x00000007153f8810}: 'java.lang.Object java.lang.invoke.DirectMethodHandle$Holder.invokeStaticInit(java.lang.Object, java.lang.Object, java.lang.Object)'> (0x00000007153f8810) 
thrown [s\src\hotspot\share\interpreter\linkResolver.cpp, line 773]
Event: 0.446 Thread 0x00000231662588e0 Exception <a 'java/lang/NoSuchMethodError'{0x0000000714ebcca0}: 'void java.lang.invoke.DirectMethodHandle$Holder.invokeStatic(java.lang.Object, java.lang.Object, java.lang.Object)'> (0x0000000714ebcca0) 
thrown [s\src\hotspot\share\interpreter\linkResolver.cpp, line 773]
Event: 0.481 Thread 0x00000231662588e0 Exception <a 'java/lang/NoSuchMethodError'{0x0000000714f05850}: 'int java.lang.invoke.DirectMethodHandle$Holder.invokeSpecialIFC(java.lang.Object, java.lang.Object, java.lang.Object)'> (0x0000000714f05850) 
thrown [s\src\hotspot\share\interpreter\linkResolver.cpp, line 773]
Event: 0.526 Thread 0x00000231662588e0 Exception <a 'java/lang/NoSuchMethodError'{0x0000000714f7c318}: 'java.lang.Object java.lang.invoke.DirectMethodHandle$Holder.invokeStaticInit(java.lang.Object, int, int, int, int)'> (0x0000000714f7c318) 
thrown [s\src\hotspot\share\interpreter\linkResolver.cpp, line 773]
Event: 0.553 Thread 0x00000231662588e0 Exception <a 'java/lang/NoSuchMethodError'{0x0000000714c43138}: 'java.lang.Object java.lang.invoke.DirectMethodHandle$Holder.invokeStaticInit(java.lang.Object, java.lang.Object, int, int, int, int)'> (0x0000000714c43138) 
thrown [s\src\hotspot\share\interpreter\linkResolver.cpp, line 773]
Event: 0.565 Thread 0x00000231662588e0 Exception <a 'java/lang/ClassNotFoundException'{0x0000000714c5e038}: javax/management/remote/rmi/RMIServerImpl_Skel> (0x0000000714c5e038) 
thrown [s\src\hotspot\share\classfile\systemDictionary.cpp, line 312]
Event: 0.588 Thread 0x00000231662588e0 Exception <a 'java/lang/NoSuchMethodError'{0x0000000714c82150}: 'long java.lang.invoke.DirectMethodHandle$Holder.invokeSpecial(java.lang.Object, java.lang.Object)'> (0x0000000714c82150) 
thrown [s\src\hotspot\share\interpreter\linkResolver.cpp, line 773]
Event: 0.589 Thread 0x00000231662588e0 Exception <a 'java/lang/NoSuchMethodError'{0x0000000714c85838}: 'long java.lang.invoke.Invokers$Holder.invokeExact_MT(java.lang.Object, java.lang.Object)'> (0x0000000714c85838) 
thrown [s\src\hotspot\share\interpreter\linkResolver.cpp, line 773]
Event: 0.596 Thread 0x00000231662588e0 Exception <a 'java/lang/NoSuchMethodError'{0x0000000714c9f3c8}: 'void java.lang.invoke.DirectMethodHandle$Holder.invokeSpecial(java.lang.Object, java.lang.Object, java.lang.Object)'> (0x0000000714c9f3c8) 
thrown [s\src\hotspot\share\interpreter\linkResolver.cpp, line 773]
Event: 0.620 Thread 0x00000231662588e0 Exception <a 'java/lang/ClassNotFoundException'{0x0000000714a289e8}: jdk/internal/agent/resources/spi/agentProvider> (0x0000000714a289e8) 
thrown [s\src\hotspot\share\classfile\systemDictionary.cpp, line 312]
Event: 0.723 Thread 0x00000231662588e0 Exception <a 'java/lang/NoSuchMethodError'{0x0000000714904610}: 'java.lang.Object java.lang.invoke.DirectMethodHandle$Holder.invokeSpecial(java.lang.Object, java.lang.Object, java.lang.Object, long, java.lang.Object)'> (0x0000000714904610) 
thrown [s\src\hotspot\share\interpreter\linkResolver.cpp, line 773]
Event: 0.723 Thread 0x00000231662588e0 Exception <a 'java/lang/NoSuchMethodError'{0x0000000714907f80}: 'java.lang.Object java.lang.invoke.Invokers$Holder.linkToTargetMethod(java.lang.Object, long, java.lang.Object, java.lang.Object)'> (0x0000000714907f80) 
thrown [s\src\hotspot\share\interpreter\linkResolver.cpp, line 773]
Event: 0.812 Thread 0x00000231662588e0 Exception <a 'java/lang/NoSuchMethodError'{0x0000000715d730e8}: 'void java.lang.invoke.DirectMethodHandle$Holder.invokeStatic(java.lang.Object, java.lang.Object, java.lang.Object, java.lang.Object)'> (0x0000000715d730e8) 
thrown [s\src\hotspot\share\interpreter\linkResolver.cpp, line 773]
Event: 0.855 Thread 0x00000231662588e0 Exception <a 'java/lang/NoSuchMethodError'{0x0000000715a80690}: 'int java.lang.invoke.DirectMethodHandle$Holder.invokeStaticInit(java.lang.Object, java.lang.Object)'> (0x0000000715a80690) 
thrown [s\src\hotspot\share\interpreter\linkResolver.cpp, line 773]
Event: 0.864 Thread 0x00000231662588e0 Exception <a 'java/lang/NoSuchMethodError'{0x0000000715ab7498}: 'void java.lang.invoke.DirectMethodHandle$Holder.invokeInterface(java.lang.Object, java.lang.Object, java.lang.Object, java.lang.Object)'> (0x0000000715ab7498) 
thrown [s\src\hotspot\share\interpreter\linkResolver.cpp, line 773]

ZGC Phase Switch (0 events):
No events

VM Operations (20 events):
Event: 0.238 Executing VM operation: HandshakeAllThreads (Deoptimize)
Event: 0.238 Executing VM operation: HandshakeAllThreads (Deoptimize) done
Event: 0.459 Executing VM operation: HandshakeAllThreads (Deoptimize)
Event: 0.459 Executing VM operation: HandshakeAllThreads (Deoptimize) done
Event: 0.498 Executing VM operation: HandshakeAllThreads (Deoptimize)
Event: 0.498 Executing VM operation: HandshakeAllThreads (Deoptimize) done
Event: 0.563 Executing VM operation: HandshakeAllThreads (Deoptimize)
Event: 0.563 Executing VM operation: HandshakeAllThreads (Deoptimize) done
Event: 0.564 Executing VM operation: HandshakeAllThreads (Deoptimize)
Event: 0.564 Executing VM operation: HandshakeAllThreads (Deoptimize) done
Event: 0.622 Executing VM operation: HandshakeAllThreads (Deoptimize)
Event: 0.622 Executing VM operation: HandshakeAllThreads (Deoptimize) done
Event: 0.681 Executing VM operation: HandshakeAllThreads (Deoptimize)
Event: 0.681 Executing VM operation: HandshakeAllThreads (Deoptimize) done
Event: 0.685 Executing VM operation: HandshakeAllThreads (Deoptimize)
Event: 0.685 Executing VM operation: HandshakeAllThreads (Deoptimize) done
Event: 0.686 Executing VM operation: HandshakeAllThreads (Deoptimize)
Event: 0.686 Executing VM operation: HandshakeAllThreads (Deoptimize) done
Event: 0.760 Executing VM operation: G1CollectForAllocation (G1 Evacuation Pause)
Event: 0.768 Executing VM operation: G1CollectForAllocation (G1 Evacuation Pause) done

Memory protections (0 events):
No events

Nmethod flushes (0 events):
No events

Events (15 events):
Event: 0.021 Thread 0x00000231662588e0 Thread added: 0x00000231662588e0
Event: 0.045 Thread 0x00000231662588e0 Thread added: 0x000002317c910da0
Event: 0.045 Thread 0x00000231662588e0 Thread added: 0x000002317c911ab0
Event: 0.046 Thread 0x00000231662588e0 Thread added: 0x000002317c916890
Event: 0.046 Thread 0x00000231662588e0 Thread added: 0x000002317c919c70
Event: 0.046 Thread 0x00000231662588e0 Thread added: 0x000002317c91a6c0
Event: 0.046 Thread 0x00000231662588e0 Thread added: 0x000002317c91c970
Event: 0.046 Thread 0x00000231662588e0 Thread added: 0x000002317c91ec20
Event: 0.096 Thread 0x00000231662588e0 Thread added: 0x000002317c8de6c0
Event: 0.123 Thread 0x00000231662588e0 Thread added: 0x000002317d1f4c60
Event: 0.173 Thread 0x000002317c91ec20 Thread added: 0x000002317d377570
Event: 0.583 Thread 0x00000231662588e0 Thread added: 0x000002317d6ae630
Event: 0.601 Thread 0x00000231662588e0 Thread added: 0x000002317d71a2f0
Event: 0.631 Thread 0x00000231662588e0 Thread added: 0x000002317d740800
Event: 0.865 Thread 0x000002317d71a2f0 Thread added: 0x000002317d898120


Dynamic libraries:
0x00007ff78fed0000 - 0x00007ff78fede000 	D:\eclipse\plugins\org.eclipse.justj.openjdk.hotspot.jre.full.win32.x86_64_21.0.8.v20250724-1412\jre\bin\javaw.exe
0x00007ff9e6fb0000 - 0x00007ff9e73e2000 	C:\Windows\SYSTEM32\ntdll.dll
0x00007ff9e6e00000 - 0x00007ff9e6f65000 	C:\Windows\System32\xtajit64.dll
0x00007ff9e4870000 - 0x00007ff9e49d8000 	C:\Windows\System32\KERNEL32.DLL
0x00007ff9e2960000 - 0x00007ff9e301b000 	C:\Windows\System32\KERNELBASE.dll
0x00007ff9e1da0000 - 0x00007ff9e1ea6000 	C:\Windows\SYSTEM32\apphelp.dll
0x00007ff9e3020000 - 0x00007ff9e3248000 	C:\Windows\System32\ucrtbase.dll
0x00007ff926a70000 - 0x00007ff926a88000 	D:\eclipse\plugins\org.eclipse.justj.openjdk.hotspot.jre.full.win32.x86_64_21.0.8.v20250724-1412\jre\bin\jli.dll
0x00007ff9b0bd0000 - 0x00007ff9b0bee000 	D:\eclipse\plugins\org.eclipse.justj.openjdk.hotspot.jre.full.win32.x86_64_21.0.8.v20250724-1412\jre\bin\VCRUNTIME140.dll
0x00007ff9e4a50000 - 0x00007ff9e4cc7000 	C:\Windows\System32\USER32.dll
0x00007ff9c0470000 - 0x00007ff9c08e0000 	C:\Windows\WinSxS\arm64_microsoft.windows.common-controls_6595b64144ccf1df_6.0.26100.6899_none_3e0efe48e32e8a05\COMCTL32.dll
0x00007ff9e2450000 - 0x00007ff9e24af000 	C:\Windows\System32\win32u.dll
0x00007ff9e4660000 - 0x00007ff9e47a8000 	C:\Windows\System32\msvcrt.dll
0x00007ff9e49e0000 - 0x00007ff9e4a46000 	C:\Windows\System32\GDI32.dll
0x00007ff9e2620000 - 0x00007ff9e280b000 	C:\Windows\System32\gdi32full.dll
0x00007ff9e24c0000 - 0x00007ff9e2619000 	C:\Windows\System32\msvcp_win.dll
0x00007ff9e4e00000 - 0x00007ff9e4e55000 	C:\Windows\System32\IMM32.DLL
0x00007ff9d9510000 - 0x00007ff9d951c000 	D:\eclipse\plugins\org.eclipse.justj.openjdk.hotspot.jre.full.win32.x86_64_21.0.8.v20250724-1412\jre\bin\vcruntime140_1.dll
0x00007ff95b510000 - 0x00007ff95b59d000 	D:\eclipse\plugins\org.eclipse.justj.openjdk.hotspot.jre.full.win32.x86_64_21.0.8.v20250724-1412\jre\bin\msvcp140.dll
0x00007ff926ab0000 - 0x00007ff927847000 	D:\eclipse\plugins\org.eclipse.justj.openjdk.hotspot.jre.full.win32.x86_64_21.0.8.v20250724-1412\jre\bin\server\jvm.dll
0x00007ff9e3340000 - 0x00007ff9e3480000 	C:\Windows\System32\ADVAPI32.dll
0x00007ff9e4cd0000 - 0x00007ff9e4dee000 	C:\Windows\System32\sechost.dll
0x00007ff9e65b0000 - 0x00007ff9e67b3000 	C:\Windows\System32\RPCRT4.dll
0x00007ff9e4fa0000 - 0x00007ff9e5063000 	C:\Windows\System32\WS2_32.dll
0x00007ff9e1f00000 - 0x00007ff9e1f7c000 	C:\Windows\SYSTEM32\POWRPROF.dll
0x00007ff9cc9f0000 - 0x00007ff9cca06000 	C:\Windows\SYSTEM32\VERSION.dll
0x00007ff9dcb10000 - 0x00007ff9dcb72000 	C:\Windows\SYSTEM32\WINMM.dll
0x00007ff9e1ed0000 - 0x00007ff9e1ef5000 	C:\Windows\SYSTEM32\UMPDC.dll
0x00007ff9dffe0000 - 0x00007ff9e0011000 	C:\Windows\SYSTEM32\kernel.appcore.dll
0x00007ff991250000 - 0x00007ff99125a000 	D:\eclipse\plugins\org.eclipse.justj.openjdk.hotspot.jre.full.win32.x86_64_21.0.8.v20250724-1412\jre\bin\jimage.dll
0x00007ff9dda10000 - 0x00007ff9dde4b000 	C:\Windows\SYSTEM32\DBGHELP.DLL
0x00007ff9e50e0000 - 0x00007ff9e5758000 	C:\Windows\System32\combase.dll
0x00007ff9e3670000 - 0x00007ff9e3815000 	C:\Windows\System32\OLEAUT32.dll
0x00007ff9dca90000 - 0x00007ff9dcb01000 	C:\Windows\SYSTEM32\dbgcore.DLL
0x00007ff9e3250000 - 0x00007ff9e3330000 	C:\Windows\System32\bcryptPrimitives.dll
0x00007ff926a90000 - 0x00007ff926aaf000 	D:\eclipse\plugins\org.eclipse.justj.openjdk.hotspot.jre.full.win32.x86_64_21.0.8.v20250724-1412\jre\bin\java.dll
0x00007ff9e5760000 - 0x00007ff9e65a6000 	C:\Windows\System32\SHELL32.dll
0x00007ff9e2140000 - 0x00007ff9e2448000 	C:\Windows\System32\wintypes.dll
0x00007ff9de040000 - 0x00007ff9df225000 	C:\Windows\SYSTEM32\windows.storage.dll
0x00007ff9e43a0000 - 0x00007ff9e45a0000 	C:\Windows\System32\SHCORE.dll
0x00007ff9e67c0000 - 0x00007ff9e6874000 	C:\Windows\System32\shlwapi.dll
0x00007ff9e1ff0000 - 0x00007ff9e203a000 	C:\Windows\SYSTEM32\profapi.dll
0x00007ff926a40000 - 0x00007ff926a58000 	D:\eclipse\plugins\org.eclipse.justj.openjdk.hotspot.jre.full.win32.x86_64_21.0.8.v20250724-1412\jre\bin\zip.dll
0x00007ff926a30000 - 0x00007ff926a40000 	D:\eclipse\plugins\org.eclipse.justj.openjdk.hotspot.jre.full.win32.x86_64_21.0.8.v20250724-1412\jre\bin\net.dll
0x00007ff9d5920000 - 0x00007ff9d5b25000 	C:\Windows\SYSTEM32\WINHTTP.dll
0x00007ff9e08b0000 - 0x00007ff9e0971000 	C:\Windows\system32\mswsock.dll
0x00007ff926a10000 - 0x00007ff926a26000 	D:\eclipse\plugins\org.eclipse.justj.openjdk.hotspot.jre.full.win32.x86_64_21.0.8.v20250724-1412\jre\bin\nio.dll
0x00007ff9d5140000 - 0x00007ff9d514a000 	D:\eclipse\plugins\org.eclipse.justj.openjdk.hotspot.jre.full.win32.x86_64_21.0.8.v20250724-1412\jre\bin\management.dll
0x00007ff9d2130000 - 0x00007ff9d213b000 	D:\eclipse\plugins\org.eclipse.justj.openjdk.hotspot.jre.full.win32.x86_64_21.0.8.v20250724-1412\jre\bin\management_ext.dll
0x00007ff9e3650000 - 0x00007ff9e365f000 	C:\Windows\System32\PSAPI.DLL
0x00007ff9ad020000 - 0x00007ff9ad04c000 	C:\Windows\system32\napinsp.dll
0x00007ff9acf70000 - 0x00007ff9acfbf000 	C:\Windows\system32\nlansp_c.dll
0x00007ff9df820000 - 0x00007ff9dfa23000 	C:\Windows\SYSTEM32\DNSAPI.dll
0x00007ff9df7b0000 - 0x00007ff9df80f000 	C:\Windows\SYSTEM32\IPHLPAPI.DLL
0x00007ff9e50c0000 - 0x00007ff9e50d2000 	C:\Windows\System32\NSI.dll
0x00007ff9ace30000 - 0x00007ff9ace53000 	C:\Windows\System32\winrnr.dll
0x00007ff9d32a0000 - 0x00007ff9d32ce000 	C:\Windows\system32\wshbth.dll
0x00007ff9d3430000 - 0x00007ff9d3445000 	C:\Windows\System32\rasadhlp.dll
0x00007ff9d6ff0000 - 0x00007ff9d70d5000 	C:\Windows\System32\fwpuclnt.dll
0x00007ff9e0d60000 - 0x00007ff9e0d90000 	C:\Windows\SYSTEM32\CRYPTSP.dll
0x00007ff9dff10000 - 0x00007ff9dff79000 	C:\Windows\system32\rsaenh.dll
0x00007ff9e09d0000 - 0x00007ff9e0a20000 	C:\Windows\SYSTEM32\USERENV.dll
0x00007ff9e1fa0000 - 0x00007ff9e1fe5000 	C:\Windows\SYSTEM32\bcrypt.dll
0x00007ff9e0da0000 - 0x00007ff9e0db8000 	C:\Windows\SYSTEM32\CRYPTBASE.dll
0x00007ff9d20c0000 - 0x00007ff9d20c9000 	D:\eclipse\plugins\org.eclipse.justj.openjdk.hotspot.jre.full.win32.x86_64_21.0.8.v20250724-1412\jre\bin\extnet.dll

JVMTI agents: none

dbghelp: loaded successfully - version: 4.0.5 - missing functions: none
symbol engine: initialized successfully - sym options: 0x614 - pdb path: .;D:\eclipse\plugins\org.eclipse.justj.openjdk.hotspot.jre.full.win32.x86_64_21.0.8.v20250724-1412\jre\bin;C:\Windows\SYSTEM32;C:\Windows\WinSxS\arm64_microsoft.windows.common-controls_6595b64144ccf1df_6.0.26100.6899_none_3e0efe48e32e8a05;D:\eclipse\plugins\org.eclipse.justj.openjdk.hotspot.jre.full.win32.x86_64_21.0.8.v20250724-1412\jre\bin\server

VM Arguments:
jvm_args: -Dcom.sun.management.jmxremote -Dcom.sun.management.jmxremote.port=59470 -Dcom.sun.management.jmxremote.authenticate=false -Dcom.sun.management.jmxremote.ssl=false -Djava.rmi.server.hostname=localhost -Dspring.jmx.enabled=true -Dmanagement.endpoints.jmx.exposure.include=* -Dspring.application.admin.enabled=true -Dspring.output.ansi.enabled=always -XX:TieredStopAtLevel=1 -Dspring.boot.project.name=JAASPrimeHealthCare -Dfile.encoding=UTF-8 -Dstdout.encoding=UTF-8 -Dstderr.encoding=UTF-8 -XX:+ShowCodeDetailsInExceptionMessages 
java_command: com.excelR.JAASPrimeHealthCare.JaasPrimeHealthCareApplication
java_class_path (initial): C:\Users\Avinash S Bhat\OneDrive\Desktop\Team 3 Excelr main project\JAAS-Prime-HealthCare\Backend\JAASPrimeHealthCare\target\classes;C:\Users\Avinash S Bhat\.m2\repository\org\springframework\boot\spring-boot-starter-security\3.5.7\spring-boot-starter-security-3.5.7.jar;C:\Users\Avinash S Bhat\.m2\repository\org\springframework\boot\spring-boot-starter\3.5.7\spring-boot-starter-3.5.7.jar;C:\Users\Avinash S Bhat\.m2\repository\org\springframework\boot\spring-boot-starter-logging\3.5.7\spring-boot-starter-logging-3.5.7.jar;C:\Users\Avinash S Bhat\.m2\repository\ch\qos\logback\logback-classic\1.5.20\logback-classic-1.5.20.jar;C:\Users\Avinash S Bhat\.m2\repository\ch\qos\logback\logback-core\1.5.20\logback-core-1.5.20.jar;C:\Users\Avinash S Bhat\.m2\repository\org\apache\logging\log4j\log4j-to-slf4j\2.24.3\log4j-to-slf4j-2.24.3.jar;C:\Users\Avinash S Bhat\.m2\repository\org\apache\logging\log4j\log4j-api\2.24.3\log4j-api-2.24.3.jar;C:\Users\Avinash S Bhat\.m2\repository\org\slf4j\jul-to-slf4j\2.0.17\jul-to-slf4j-2.0.17.jar;C:\Users\Avinash S Bhat\.m2\repository\jakarta\annotation\jakarta.annotation-api\2.1.1\jakarta.annotation-api-2.1.1.jar;C:\Users\Avinash S Bhat\.m2\repository\org\yaml\snakeyaml\2.4\snakeyaml-2.4.jar;C:\Users\Avinash S Bhat\.m2\repository\org\springframework\spring-aop\6.2.12\spring-aop-6.2.12.jar;C:\Users\Avinash S Bhat\.m2\repository\org\springframework\spring-beans\6.2.12\spring-beans-6.2.12.jar;C:\Users\Avinash S Bhat\.m2\repository\org\springframework\security\spring-security-config\6.5.6\spring-security-config-6.5.6.jar;C:\Users\Avinash S Bhat\.m2\repository\org\springframework\spring-context\6.2.12\spring-context-6.2.12.jar;C:\Users\Avinash S Bhat\.m2\repository\org\springframework\security\spring-security-web\6.5.6\spring-security-web-6.5.6.jar;C:\Users\Avinash S Bhat\.m2\repository\org\springframework\spring-expression\6.2.12\spring-expression-6.2.12.jar;C:\Users\Avinash S Bhat\.m2\repository\org\springframework\security\spring-security-core\6.5.6\spring-security-core-6.5.6.jar;C:\Users\Avinash S Bhat\.m2\repository\org\springframework\security\spring-security-crypto\6.5.6\spring-security-crypto-6.5.6.jar;C:\Users\Avinash S Bhat\.m2\repository\io\micrometer\micrometer-observation\1.15.5\micrometer-observation-1.15.5.jar;C:\Users\Avinash S Bhat\.m2\repository\io\micrometer\micrometer-commons\1.15.5\micrometer-commons-1.15.5.jar;C:\Users\Avinash S Bhat\.m2\repository\org\springframework\spring-core\6.2.12\spring-core-6.2.12.jar;C:\Users\Avinash S Bhat\.m2\repository\org\springframework\spring-jcl\6.2.12\spring-jcl-6.2.12.jar;C:\Users\Avinash S Bhat\.m2\repository\org\springframework\boot\spring-boot-starter-data-jpa\3.5.7\spring-boot-starter-data-jpa-3.5.7.jar;C:\Users\Avinash S Bhat\.m2\repository\org\springframework\boot\spring-boot-starter-jdbc\3.5.7\spring-boot-starter-jdbc-3.5.7.jar;C:\Users\Avinash S Bhat\.m2\repository\com\zaxxer\HikariCP\6.3.3\HikariCP-6.3.3.jar;C:\Users\Avinash S Bhat\.m2\repository\org\springframework\spring-jdbc\6.2.12\spring-jdbc-6.2.12.jar;C:\Users\Avinash S Bhat\.m2\repository\org\hibernate\orm\hibernate-core\6.6.33.Final\hibernate-core-6.6.33.Final.jar;C:\Users\Avinash S Bhat\.m2\repository\jakarta\persistence\jakarta.persistence-api\3.1.0\jakarta.persistence-api-3.1.0.jar;C:\Users\Avinash S Bhat\.m2\repository\jakarta\transaction\jakarta.transaction-api\2.0.1\jakarta.transaction-api-2.0.1.jar;C:\Users\Avinash S Bhat\.m2\repository\org\jboss\logging\jboss-logging\3.6.1.Final\jboss-logging-3.6.1.Final.jar;C:\Users\Avinash S Bhat\.m2\repository\org\hibernate\common\hibernate-commons-annotations\7.0.3.Final\hibernate-commons-annotations-7.0.3.Final.jar;C:\Users\Avinash S Bhat\.m2\repository\io\smallrye\jandex\3.2.0\jandex-3.2.0.jar;C:\Users\Avinash S Bhat\.m2\repository\com\fasterxml\classmate\1.7.1\classmate-1.7.1.jar;C:\Users\Avinash S Bhat\.m2\repository\net\bytebuddy\byte-buddy\1.17.8\byte-buddy-1.17.8.jar;C:\Users\Avinash S Bhat\.m2\repository\org\glassfish\jaxb\jaxb-runtime\4.0.6\jaxb-runtime-4.0.6.jar;C:\Users\Avinash S Bhat\.m2\repository\org\glassfish\jaxb\jaxb-core\4.0.6\jaxb-core-4.0.6.jar;C:\Users\Avinash S Bhat\.m2\repository\org\eclipse\angus\angus-activation\2.0.3\angus-activation-2.0.3.jar;C:\Users\Avinash S Bhat\.m2\repository\org\glassfish\jaxb\txw2\4.0.6\txw2-4.0.6.jar;C:\Users\Avinash S Bhat\.m2\repository\com\sun\istack\istack-commons-runtime\4.1.2\istack-commons-runtime-4.1.2.jar;C:\Users\Avinash S Bhat\.m2\repository\jakarta\inject\jakarta.inject-api\2.0.1\jakarta.inject-api-2.0.1.jar;C:\Users\Avinash S Bhat\.m2\repository\org\antlr\antlr4-runtime\4.13.0\antlr4-runtime-4.13.0.jar;C:\Users\Avinash S Bhat\.m2\repository\org\springframework\data\spring-data-jpa\3.5.5\spring-data-jpa-3.5.5.jar;C:\Users\Avinash S Bhat\.m2\repository\org\springframework\data\spring-data-commons\3.5.5\spring-data-commons-3.5.5.jar;C:\Users\Avinash S Bhat\.m2\repository\org\springframework\spring-orm\6.2.12\spring-orm-6.2.12.jar;C:\Users\Avinash S Bhat\.m2\repository\org\springframework\spring-tx\6.2.12\spring-tx-6.2.12.jar;C:\Users\Avinash S Bhat\.m2\repository\org\slf4j\slf4j-api\2.0.17\slf4j-api-2.0.17.jar;C:\Users\Avinash S Bhat\.m2\repository\org\springframework\spring-aspects\6.2.12\spring-aspects-6.2.12.jar;C:\Users\Avinash S Bhat\.m2\repository\org\aspectj\aspectjweaver\1.9.24\aspectjweaver-1.9.24.jar;C:\Users\Avinash S Bhat\.m2\repository\org\springframework\boot\spring-boot-starter-web\3.5.7\spring-boot-starter-web-3.5.7.jar;C:\Users\Avinash S Bhat\.m2\repository\org\springframework\boot\spring-boot-starter-json\3.5.7\spring-boot-starter-json-3.5.7.jar;C:\Users\Avinash S Bhat\.m2\repository\com\fasterxml\jackson\datatype\jackson-datatype-jdk8\2.19.2\jackson-datatype-jdk8-2.19.2.jar;C:\Users\Avinash S Bhat\.m2\repository\com\fasterxml\jackson\datatype\jackson-datatype-jsr310\2.19.2\jackson-datatype-jsr310-2.19.2.jar;C:\Users\Avinash S Bhat\.m2\repository\com\fasterxml\jackson\module\jackson-module-parameter-names\2.19.2\jackson-module-parameter-names-2.19.2.jar;C:\Users\Avinash S Bhat\.m2\repository\org\springframework\boot\spring-boot-starter-tomcat\3.5.7\spring-boot-starter-tomcat-3.5.7.jar;C:\Users\Avinash S Bhat\.m2\repository\org\apache\tomcat\embed\tomcat-embed-core\10.1.48\tomcat-embed-core-10.1.48.jar;C:\Users\Avinash S Bhat\.m2\repository\org\apache\tomcat\embed\tomcat-embed-el\10.1.48\tomcat-embed-el-10.1.48.jar;C:\Users\Avinash S Bhat\.m2\repository\org\apache\tomcat\embed\tomcat-embed-websocket\10.1.48\tomcat-embed-websocket-10.1.48.jar;C:\Users\Avinash S Bhat\.m2\repository\org\springframework\spring-web\6.2.12\spring-web-6.2.12.jar;C:\Users\Avinash S Bhat\.m2\repository\org\springframework\spring-webmvc\6.2.12\spring-webmvc-6.2.12.jar;C:\Users\Avinash S Bhat\.m2\repository\org\springframework\boot\spring-boot-devtools\3.5.7\spring-boot-devtools-3.5.7.jar;C:\Users\Avinash S Bhat\.m2\repository\org\springframework\boot\spring-boot\3.5.7\spring-boot-3.5.7.jar;C:\Users\Avinash S Bhat\.m2\repository\org\springframework\boot\spring-boot-autoconfigure\3.5.7\spring-boot-autoconfigure-3.5.7.jar;C:\Users\Avinash S Bhat\.m2\repository\com\mysql\mysql-connector-j\9.4.0\mysql-connector-j-9.4.0.jar;C:\Users\Avinash S Bhat\.m2\repository\org\projectlombok\lombok\1.18.42\lombok-1.18.42.jar;C:\Users\Avinash S Bhat\.m2\repository\jakarta\xml\bind\jakarta.xml.bind-api\4.0.4\jakarta.xml.bind-api-4.0.4.jar;C:\Users\Avinash S Bhat\.m2\repository\jakarta\activation\jakarta.activation-api\2.1.4\jakarta.activation-api-2.1.4.jar;C:\Users\Avinash S Bhat\.m2\repository\io\jsonwebtoken\jjwt-api\0.11.5\jjwt-api-0.11.5.jar;C:\Users\Avinash S Bhat\.m2\repository\io\jsonwebtoken\jjwt-impl\0.11.5\jjwt-impl-0.11.5.jar;C:\Users\Avinash S Bhat\.m2\repository\io\jsonwebtoken\jjwt-jackson\0.11.5\jjwt-jackson-0.11.5.jar;C:\Users\Avinash S Bhat\.m2\repository\com\fasterxml\jackson\core\jackson-databind\2.19.2\jackson-databind-2.19.2.jar;C:\Users\Avinash S Bhat\.m2\repository\com\fasterxml\jackson\core\jackson-annotations\2.19.2\jackson-annotations-2.19.2.jar;C:\Users\Avinash S Bhat\.m2\repository\com\fasterxml\jackson\core\jackson-core\2.19.2\jackson-core-2.19.2.jar
Launcher Type: SUN_STANDARD

[Global flags]
     intx CICompilerCount                          = 4                                         {product} {ergonomic}
     uint ConcGCThreads                            = 2                                         {product} {ergonomic}
     uint G1ConcRefinementThreads                  = 8                                         {product} {ergonomic}
   size_t G1HeapRegionSize                         = 2097152                                   {product} {ergonomic}
    uintx GCDrainStackTargetSize                   = 64                                        {product} {ergonomic}
   size_t InitialHeapSize                          = 262144000                                 {product} {ergonomic}
     bool ManagementServer                         = true                                      {product} {command line}
   size_t MarkStackSize                            = 4194304                                   {product} {ergonomic}
   size_t MaxHeapSize                              = 4190109696                                {product} {ergonomic}
   size_t MaxNewSize                               = 2512388096                                {product} {ergonomic}
   size_t MinHeapDeltaBytes                        = 2097152                                   {product} {ergonomic}
   size_t MinHeapSize                              = 8388608                                   {product} {ergonomic}
    uintx NonNMethodCodeHeapSize                   = 4096                                   {pd product} {ergonomic}
    uintx NonProfiledCodeHeapSize                  = 0                                      {pd product} {ergonomic}
     bool ProfileInterpreter                       = false                                  {pd product} {command line}
    uintx ProfiledCodeHeapSize                     = 0                                      {pd product} {ergonomic}
     bool ShowCodeDetailsInExceptionMessages       = true                                   {manageable} {command line}
   size_t SoftMaxHeapSize                          = 4190109696                             {manageable} {ergonomic}
     intx TieredStopAtLevel                        = 1                                         {product} {command line}
     bool UseCompressedOops                        = true                           {product lp64_product} {ergonomic}
     bool UseG1GC                                  = true                                      {product} {ergonomic}
     bool UseLargePagesIndividualAllocation        = false                                  {pd product} {ergonomic}

Logging:
Log output configuration:
 #0: stdout all=warning uptime,level,tags foldmultilines=false
 #1: stderr all=off uptime,level,tags foldmultilines=false

Environment Variables:
PATH=D:/eclipse//plugins/org.eclipse.justj.openjdk.hotspot.jre.full.win32.x86_64_21.0.8.v20250724-1412/jre/bin/server;D:/eclipse//plugins/org.eclipse.justj.openjdk.hotspot.jre.full.win32.x86_64_21.0.8.v20250724-1412/jre/bin;C:\Python313\Scripts\;C:\Python313\;C:\Program Files\Common Files\Oracle\Java\javapath;C:\Windows\system32;C:\Windows;C:\Windows\System32\Wbem;C:\Windows\System32\WindowsPowerShell\v1.0\;C:\Windows\System32\OpenSSH\;C:\Program Files\Git\cmd;C:\Program Files\nodejs\;C:\ProgramData\chocolatey\bin;C:\Users\Avinash S Bhat\AppData\Local\Microsoft\WindowsApps;C:\Users\Avinash S Bhat\AppData\Local\Programs\cursor\resources\app\bin;C:\Program Files\JetBrains\IntelliJ IDEA 2025.2.2\bin;C:\Users\Avinash S Bhat\AppData\Roaming\npm;C:\Users\Avinash S Bhat\AppData\Local\Microsoft\WinGet\Packages\sharkdp.bat_Microsoft.Winget.Source_8wekyb3d8bbwe\bat-v0.25.0-x86_64-pc-windows-msvc;C:\Users\Avinash S Bhat\AppData\Local\Programs\Microsoft VS Code\bin;D:\eclipse;
USERNAME=Avinash S Bhat
OS=Windows_NT
PROCESSOR_IDENTIFIER=ARMv8 (64-bit) Family 8 Model 1 Revision 201, Qualcomm Technologies Inc
TMP=C:\Users\AVINAS~1\AppData\Local\Temp
TEMP=C:\Users\AVINAS~1\AppData\Local\Temp




Periodic native trim disabled

---------------  S Y S T E M  ---------------

OS:
 Windows 11 , 64 bit Build 26100 (10.0.26100.6899)
OS uptime: 0 days 0:45 hours

CPU: total 8 (initial active 8) (8 cores per cpu, 1 threads per core) family 21 model 0 stepping 1 microcode 0x0, cx8, cmov, fxsr, mmx, 3dnowpref, sse, sse2, sse3, ssse3, sse4.1, sse4.2, popcnt, tsc, tscinvbit, aes, clmul, clflush, rdtscp
Processor Information for processor 0
  Max Mhz: 2956, Current Mhz: 1190, Mhz Limit: 2956
Processor Information for processor 1
  Max Mhz: 2956, Current Mhz: 2956, Mhz Limit: 2956
Processor Information for processor 2
  Max Mhz: 2956, Current Mhz: 1190, Mhz Limit: 2956
Processor Information for processor 3
  Max Mhz: 2956, Current Mhz: 1190, Mhz Limit: 2956
Processor Information for processor 4
  Max Mhz: 2956, Current Mhz: 2956, Mhz Limit: 2956
Processor Information for processor 5
  Max Mhz: 2956, Current Mhz: 2956, Mhz Limit: 2956
Processor Information for processor 6
  Max Mhz: 2956, Current Mhz: 2956, Mhz Limit: 2956
Processor Information for processor 7
  Max Mhz: 2956, Current Mhz: 2956, Mhz Limit: 2956

Memory: 4k page, system-wide physical 15982M (918M free)
TotalPageFile size 29183M (AvailPageFile size 39M)
current process WorkingSet (physical memory assigned to process): 110M, peak: 110M
current process commit charge ("private bytes"): 365M, peak: 365M

vm_info: OpenJDK 64-Bit Server VM (21.0.8+9-LTS) for windows-amd64 JRE (21.0.8+9-LTS), built on 2025-07-15T00:00:00Z by "admin" with MS VC++ 17.7 (VS2022)

END.
